# JRE version: Java(TM) SE Runtime Environment (23.0.2+7) (build 23.0.2+7-58)
# Java VM: Java HotSpot(TM) 64-Bit Server VM (23.0.2+7-58, mixed mode, sharing, tiered, compressed oops, compressed class ptrs, g1 gc, windows-amd64)
GC Precious Log:
 CardTable entry size: 512
 Card Set container configuration: InlinePtr #cards 5 size 8 Array Of Cards #cards 10 size 36 Howl #buckets 4 coarsen threshold 1843 Howl Bitmap #cards 512 size 80 coarsen threshold 460 Card regions per heap region 1 cards per card region 2048
 CPUs: 4 total, 4 available
 Memory: 7975M
 Large Page Support: Disabled
 NUMA Support: Disabled
 Compressed Oops: Enabled (32-bit)
 Heap Region Size: 1M
 Heap Min Capacity: 8M
 Heap Initial Capacity: 126M
 Heap Max Capacity: 1994M
 Pre-touch: Disabled
 Parallel Workers: 4
 Concurrent Workers: 1
 Concurrent Refinement Workers: 4
 Periodic GC: Disabled
Heap:
 garbage-first heap   total reserved 2041856K, committed 104448K, used 74360K [0x0000000083600000, 0x0000000100000000)
  region size 1024K, 45 young (46080K), 5 survivors (5120K)
 Metaspace       used 90088K, committed 90880K, reserved 1179648K
  class space    used 11295K, committed 11648K, reserved 1048576K
GC Heap History (20 events):
Event: 1253.406 GC heap after
{Heap after GC invocations=49 (full 8):
 garbage-first heap   total reserved 2041856K, committed 79872K, used 31470K [0x0000000083600000, 0x0000000100000000)
  region size 1024K, 0 young (0K), 0 survivors (0K)
 Metaspace       used 86242K, committed 87168K, reserved 1179648K
  class space    used 11063K, committed 11456K, reserved 1048576K
}
Event: 1254.962 GC heap before
{Heap before GC invocations=49 (full 8):
 garbage-first heap   total reserved 2041856K, committed 79872K, used 67310K [0x0000000083600000, 0x0000000100000000)
  region size 1024K, 36 young (36864K), 0 survivors (0K)
 Metaspace       used 86517K, committed 87360K, reserved 1179648K
  class space    used 11092K, committed 11456K, reserved 1048576K
}
Event: 1254.970 GC heap after
{Heap after GC invocations=50 (full 8):
 garbage-first heap   total reserved 2041856K, committed 79872K, used 35416K [0x0000000083600000, 0x0000000100000000)
  region size 1024K, 4 young (4096K), 4 survivors (4096K)
 Metaspace       used 86517K, committed 87360K, reserved 1179648K
  class space    used 11092K, committed 11456K, reserved 1048576K
}
Event: 1256.189 GC heap before
{Heap before GC invocations=50 (full 8):
 garbage-first heap   total reserved 2041856K, committed 79872K, used 68184K [0x0000000083600000, 0x0000000100000000)
  region size 1024K, 37 young (37888K), 4 survivors (4096K)
 Metaspace       used 87071K, committed 87936K, reserved 1179648K
  class space    used 11123K, committed 11520K, reserved 1048576K
}
Event: 1256.206 GC heap after
{Heap after GC invocations=51 (full 8):
 garbage-first heap   total reserved 2041856K, committed 79872K, used 38106K [0x0000000083600000, 0x0000000100000000)
  region size 1024K, 4 young (4096K), 4 survivors (4096K)
 Metaspace       used 87071K, committed 87936K, reserved 1179648K
  class space    used 11123K, committed 11520K, reserved 1048576K
}
Event: 1412.421 GC heap before
{Heap before GC invocations=51 (full 8):
 garbage-first heap   total reserved 2041856K, committed 79872K, used 67802K [0x0000000083600000, 0x0000000100000000)
  region size 1024K, 33 young (33792K), 4 survivors (4096K)
 Metaspace       used 87339K, committed 88192K, reserved 1179648K
  class space    used 11141K, committed 11520K, reserved 1048576K
}
Event: 1412.447 GC heap after
{Heap after GC invocations=52 (full 8):
 garbage-first heap   total reserved 2041856K, committed 104448K, used 39225K [0x0000000083600000, 0x0000000100000000)
  region size 1024K, 2 young (2048K), 2 survivors (2048K)
 Metaspace       used 87339K, committed 88192K, reserved 1179648K
  class space    used 11141K, committed 11520K, reserved 1048576K
}
Event: 2212.062 GC heap before
{Heap before GC invocations=53 (full 8):
 garbage-first heap   total reserved 2041856K, committed 104448K, used 89401K [0x0000000083600000, 0x0000000100000000)
  region size 1024K, 51 young (52224K), 2 survivors (2048K)
 Metaspace       used 87817K, committed 88640K, reserved 1179648K
  class space    used 11160K, committed 11520K, reserved 1048576K
}
Event: 2212.072 GC heap after
{Heap after GC invocations=54 (full 8):
 garbage-first heap   total reserved 2041856K, committed 104448K, used 40253K [0x0000000083600000, 0x0000000100000000)
  region size 1024K, 3 young (3072K), 3 survivors (3072K)
 Metaspace       used 87817K, committed 88640K, reserved 1179648K
  class space    used 11160K, committed 11520K, reserved 1048576K
}
Event: 2937.265 GC heap before
{Heap before GC invocations=54 (full 8):
 garbage-first heap   total reserved 2041856K, committed 104448K, used 85309K [0x0000000083600000, 0x0000000100000000)
  region size 1024K, 47 young (48128K), 3 survivors (3072K)
 Metaspace       used 87986K, committed 88896K, reserved 1179648K
  class space    used 11168K, committed 11584K, reserved 1048576K
}
Event: 2937.292 GC heap after
{Heap after GC invocations=55 (full 8):
 garbage-first heap   total reserved 2041856K, committed 104448K, used 40535K [0x0000000083600000, 0x0000000100000000)
  region size 1024K, 4 young (4096K), 4 survivors (4096K)
 Metaspace       used 87986K, committed 88896K, reserved 1179648K
  class space    used 11168K, committed 11584K, reserved 1048576K
}
Event: 3342.741 GC heap before
{Heap before GC invocations=55 (full 8):
 garbage-first heap   total reserved 2041856K, committed 104448K, used 64087K [0x0000000083600000, 0x0000000100000000)
  region size 1024K, 29 young (29696K), 4 survivors (4096K)
 Metaspace       used 88108K, committed 89024K, reserved 1179648K
  class space    used 11169K, committed 11584K, reserved 1048576K
}
Event: 3343.154 GC heap after
{Heap after GC invocations=56 (full 9):
 garbage-first heap   total reserved 2041856K, committed 104448K, used 31392K [0x0000000083600000, 0x0000000100000000)
  region size 1024K, 0 young (0K), 0 survivors (0K)
 Metaspace       used 87868K, committed 89024K, reserved 1179648K
  class space    used 11100K, committed 11584K, reserved 1048576K
}
Event: 3344.723 GC heap before
{Heap before GC invocations=56 (full 9):
 garbage-first heap   total reserved 2041856K, committed 104448K, used 81568K [0x0000000083600000, 0x0000000100000000)
  region size 1024K, 50 young (51200K), 0 survivors (0K)
 Metaspace       used 88302K, committed 89152K, reserved 1179648K
  class space    used 11148K, committed 11584K, reserved 1048576K
}
Event: 3344.736 GC heap after
{Heap after GC invocations=57 (full 9):
 garbage-first heap   total reserved 2041856K, committed 104448K, used 36798K [0x0000000083600000, 0x0000000100000000)
  region size 1024K, 6 young (6144K), 6 survivors (6144K)
 Metaspace       used 88302K, committed 89152K, reserved 1179648K
  class space    used 11148K, committed 11584K, reserved 1048576K
}
Event: 3350.006 GC heap before
{Heap before GC invocations=58 (full 9):
 garbage-first heap   total reserved 2041856K, committed 104448K, used 77758K [0x0000000083600000, 0x0000000100000000)
  region size 1024K, 47 young (48128K), 6 survivors (6144K)
 Metaspace       used 88958K, committed 89792K, reserved 1179648K
  class space    used 11192K, committed 11584K, reserved 1048576K
}
Event: 3350.075 GC heap after
{Heap after GC invocations=59 (full 10):
 garbage-first heap   total reserved 2041856K, committed 104448K, used 29479K [0x0000000083600000, 0x0000000100000000)
  region size 1024K, 0 young (0K), 0 survivors (0K)
 Metaspace       used 88956K, committed 89792K, reserved 1179648K
  class space    used 11191K, committed 11584K, reserved 1048576K
}
Event: 3351.252 GC heap before
{Heap before GC invocations=59 (full 10):
 garbage-first heap   total reserved 2041856K, committed 104448K, used 80679K [0x0000000083600000, 0x0000000100000000)
  region size 1024K, 51 young (52224K), 0 survivors (0K)
 Metaspace       used 89451K, committed 90240K, reserved 1179648K
  class space    used 11257K, committed 11648K, reserved 1048576K
}
Event: 3351.258 GC heap after
{Heap after GC invocations=60 (full 10):
 garbage-first heap   total reserved 2041856K, committed 104448K, used 34424K [0x0000000083600000, 0x0000000100000000)
  region size 1024K, 5 young (5120K), 5 survivors (5120K)
 Metaspace       used 89451K, committed 90240K, reserved 1179648K
  class space    used 11257K, committed 11648K, reserved 1048576K
}
Event: 3354.124 GC heap before
{Heap before GC invocations=61 (full 10):
 garbage-first heap   total reserved 2041856K, committed 104448K, used 74360K [0x0000000083600000, 0x0000000100000000)
  region size 1024K, 45 young (46080K), 5 survivors (5120K)
 Metaspace       used 90088K, committed 90880K, reserved 1179648K
  class space    used 11295K, committed 11648K, reserved 1048576K
}

