# JRE version: OpenJDK Runtime Environment Temurin-21.0.7+6 (21.0.7+6) (build 21.0.7+6-LTS)
# Java VM: OpenJDK 64-Bit Server VM Temurin-21.0.7+6 (21.0.7+6-LTS, mixed mode, sharing, tiered, compressed oops, compressed class ptrs, parallel gc, windows-amd64)
GC Precious Log:
 CardTable entry size: 512
 CPUs: 4 total, 4 available
 Memory: 7975M
 Large Page Support: Disabled
 NUMA Support: Disabled
 Compressed Oops: Enabled (32-bit)
 Alignments: Space 512K, Generation 512K, Heap 2M
 Heap Min Capacity: 100M
 Heap Initial Capacity: 100M
 Heap Max Capacity: 2G
 Pre-touch: Disabled
 Parallel Workers: 4
Heap:
 PSYoungGen      total 3584K, used 3037K [0x00000000d5580000, 0x00000000d5a80000, 0x0000000100000000)
  eden space 3072K, 82% used [0x00000000d5580000,0x00000000d57f7760,0x00000000d5880000)
  from space 512K, 100% used [0x00000000d5980000,0x00000000d5a00000,0x00000000d5a00000)
  to   space 1024K, 0% used [0x00000000d5880000,0x00000000d5880000,0x00000000d5980000)
 ParOldGen       total 944128K, used 854992K [0x0000000080000000, 0x00000000b9a00000, 0x00000000d5580000)
  object space 944128K, 90% used [0x0000000080000000,0x00000000b42f4250,0x00000000b9a00000)
 Metaspace       used 83548K, committed 85120K, reserved 1179648K
  class space    used 8322K, committed 9024K, reserved 1048576K
GC Heap History (20 events):
Event: 100831.102 GC heap before
{Heap before GC invocations=1971 (full 4):
 PSYoungGen      total 3584K, used 3572K [0x00000000d5580000, 0x00000000d5b00000, 0x0000000100000000)
  eden space 3072K, 100% used [0x00000000d5580000,0x00000000d5880000,0x00000000d5880000)
  from space 512K, 97% used [0x00000000d5a80000,0x00000000d5afd200,0x00000000d5b00000)
  to   space 1024K, 0% used [0x00000000d5900000,0x00000000d5900000,0x00000000d5a00000)
 ParOldGen       total 944128K, used 844919K [0x0000000080000000, 0x00000000b9a00000, 0x00000000d5580000)
  object space 944128K, 89% used [0x0000000080000000,0x00000000b391de60,0x00000000b9a00000)
 Metaspace       used 83515K, committed 85120K, reserved 1179648K
  class space    used 8322K, committed 9024K, reserved 1048576K
}
Event: 100831.112 GC heap after
{Heap after GC invocations=1971 (full 4):
 PSYoungGen      total 4096K, used 730K [0x00000000d5580000, 0x00000000d5b00000, 0x0000000100000000)
  eden space 3072K, 0% used [0x00000000d5580000,0x00000000d5580000,0x00000000d5880000)
  from space 1024K, 71% used [0x00000000d5900000,0x00000000d59b6900,0x00000000d5a00000)
  to   space 1024K, 0% used [0x00000000d5a00000,0x00000000d5a00000,0x00000000d5b00000)
 ParOldGen       total 944128K, used 845412K [0x0000000080000000, 0x00000000b9a00000, 0x00000000d5580000)
  object space 944128K, 89% used [0x0000000080000000,0x00000000b3999070,0x00000000b9a00000)
 Metaspace       used 83515K, committed 85120K, reserved 1179648K
  class space    used 8322K, committed 9024K, reserved 1048576K
}
Event: 100831.156 GC heap before
{Heap before GC invocations=1972 (full 4):
 PSYoungGen      total 4096K, used 3802K [0x00000000d5580000, 0x00000000d5b00000, 0x0000000100000000)
  eden space 3072K, 100% used [0x00000000d5580000,0x00000000d5880000,0x00000000d5880000)
  from space 1024K, 71% used [0x00000000d5900000,0x00000000d59b6900,0x00000000d5a00000)
  to   space 1024K, 0% used [0x00000000d5a00000,0x00000000d5a00000,0x00000000d5b00000)
 ParOldGen       total 944128K, used 845412K [0x0000000080000000, 0x00000000b9a00000, 0x00000000d5580000)
  object space 944128K, 89% used [0x0000000080000000,0x00000000b3999070,0x00000000b9a00000)
 Metaspace       used 83515K, committed 85120K, reserved 1179648K
  class space    used 8322K, committed 9024K, reserved 1048576K
}
Event: 100831.169 GC heap after
{Heap after GC invocations=1972 (full 4):
 PSYoungGen      total 2048K, used 1008K [0x00000000d5580000, 0x00000000d5f80000, 0x0000000100000000)
  eden space 1024K, 0% used [0x00000000d5580000,0x00000000d5580000,0x00000000d5680000)
  from space 1024K, 98% used [0x00000000d5a00000,0x00000000d5afc340,0x00000000d5b00000)
  to   space 3584K, 0% used [0x00000000d5680000,0x00000000d5680000,0x00000000d5a00000)
 ParOldGen       total 944128K, used 847522K [0x0000000080000000, 0x00000000b9a00000, 0x00000000d5580000)
  object space 944128K, 89% used [0x0000000080000000,0x00000000b3ba8a20,0x00000000b9a00000)
 Metaspace       used 83515K, committed 85120K, reserved 1179648K
  class space    used 8322K, committed 9024K, reserved 1048576K
}
Event: 100831.174 GC heap before
{Heap before GC invocations=1973 (full 4):
 PSYoungGen      total 2048K, used 2032K [0x00000000d5580000, 0x00000000d5f80000, 0x0000000100000000)
  eden space 1024K, 99% used [0x00000000d5580000,0x00000000d567ffb0,0x00000000d5680000)
  from space 1024K, 98% used [0x00000000d5a00000,0x00000000d5afc340,0x00000000d5b00000)
  to   space 3584K, 0% used [0x00000000d5680000,0x00000000d5680000,0x00000000d5a00000)
 ParOldGen       total 944128K, used 847522K [0x0000000080000000, 0x00000000b9a00000, 0x00000000d5580000)
  object space 944128K, 89% used [0x0000000080000000,0x00000000b3ba8a20,0x00000000b9a00000)
 Metaspace       used 83515K, committed 85120K, reserved 1179648K
  class space    used 8322K, committed 9024K, reserved 1048576K
}
Event: 100831.179 GC heap after
{Heap after GC invocations=1973 (full 4):
 PSYoungGen      total 2560K, used 1056K [0x00000000d5580000, 0x00000000d5a80000, 0x0000000100000000)
  eden space 1024K, 0% used [0x00000000d5580000,0x00000000d5580000,0x00000000d5680000)
  from space 1536K, 68% used [0x00000000d5680000,0x00000000d5788000,0x00000000d5800000)
  to   space 2048K, 0% used [0x00000000d5880000,0x00000000d5880000,0x00000000d5a80000)
 ParOldGen       total 944128K, used 848539K [0x0000000080000000, 0x00000000b9a00000, 0x00000000d5580000)
  object space 944128K, 89% used [0x0000000080000000,0x00000000b3ca6d60,0x00000000b9a00000)
 Metaspace       used 83515K, committed 85120K, reserved 1179648K
  class space    used 8322K, committed 9024K, reserved 1048576K
}
Event: 100831.184 GC heap before
{Heap before GC invocations=1974 (full 4):
 PSYoungGen      total 2560K, used 2080K [0x00000000d5580000, 0x00000000d5a80000, 0x0000000100000000)
  eden space 1024K, 100% used [0x00000000d5580000,0x00000000d5680000,0x00000000d5680000)
  from space 1536K, 68% used [0x00000000d5680000,0x00000000d5788000,0x00000000d5800000)
  to   space 2048K, 0% used [0x00000000d5880000,0x00000000d5880000,0x00000000d5a80000)
 ParOldGen       total 944128K, used 848539K [0x0000000080000000, 0x00000000b9a00000, 0x00000000d5580000)
  object space 944128K, 89% used [0x0000000080000000,0x00000000b3ca6d60,0x00000000b9a00000)
 Metaspace       used 83515K, committed 85120K, reserved 1179648K
  class space    used 8322K, committed 9024K, reserved 1048576K
}
Event: 100831.196 GC heap after
{Heap after GC invocations=1974 (full 4):
 PSYoungGen      total 3072K, used 1056K [0x00000000d5580000, 0x00000000d5a00000, 0x0000000100000000)
  eden space 1536K, 0% used [0x00000000d5580000,0x00000000d5580000,0x00000000d5700000)
  from space 1536K, 68% used [0x00000000d5880000,0x00000000d5988000,0x00000000d5a00000)
  to   space 1536K, 0% used [0x00000000d5700000,0x00000000d5700000,0x00000000d5880000)
 ParOldGen       total 944128K, used 849555K [0x0000000080000000, 0x00000000b9a00000, 0x00000000d5580000)
  object space 944128K, 89% used [0x0000000080000000,0x00000000b3da4d60,0x00000000b9a00000)
 Metaspace       used 83515K, committed 85120K, reserved 1179648K
  class space    used 8322K, committed 9024K, reserved 1048576K
}
Event: 100831.263 GC heap before
{Heap before GC invocations=1975 (full 4):
 PSYoungGen      total 3072K, used 2592K [0x00000000d5580000, 0x00000000d5a00000, 0x0000000100000000)
  eden space 1536K, 100% used [0x00000000d5580000,0x00000000d5700000,0x00000000d5700000)
  from space 1536K, 68% used [0x00000000d5880000,0x00000000d5988000,0x00000000d5a00000)
  to   space 1536K, 0% used [0x00000000d5700000,0x00000000d5700000,0x00000000d5880000)
 ParOldGen       total 944128K, used 849555K [0x0000000080000000, 0x00000000b9a00000, 0x00000000d5580000)
  object space 944128K, 89% used [0x0000000080000000,0x00000000b3da4d60,0x00000000b9a00000)
 Metaspace       used 83515K, committed 85120K, reserved 1179648K
  class space    used 8322K, committed 9024K, reserved 1048576K
}
Event: 100831.276 GC heap after
{Heap after GC invocations=1975 (full 4):
 PSYoungGen      total 3072K, used 1536K [0x00000000d5580000, 0x00000000d5d80000, 0x0000000100000000)
  eden space 1536K, 0% used [0x00000000d5580000,0x00000000d5580000,0x00000000d5700000)
  from space 1536K, 100% used [0x00000000d5700000,0x00000000d5880000,0x00000000d5880000)
  to   space 3072K, 0% used [0x00000000d5a80000,0x00000000d5a80000,0x00000000d5d80000)
 ParOldGen       total 944128K, used 850595K [0x0000000080000000, 0x00000000b9a00000, 0x00000000d5580000)
  object space 944128K, 90% used [0x0000000080000000,0x00000000b3ea8d60,0x00000000b9a00000)
 Metaspace       used 83515K, committed 85120K, reserved 1179648K
  class space    used 8322K, committed 9024K, reserved 1048576K
}
Event: 100831.317 GC heap before
{Heap before GC invocations=1976 (full 4):
 PSYoungGen      total 3072K, used 3072K [0x00000000d5580000, 0x00000000d5d80000, 0x0000000100000000)
  eden space 1536K, 100% used [0x00000000d5580000,0x00000000d5700000,0x00000000d5700000)
  from space 1536K, 100% used [0x00000000d5700000,0x00000000d5880000,0x00000000d5880000)
  to   space 3072K, 0% used [0x00000000d5a80000,0x00000000d5a80000,0x00000000d5d80000)
 ParOldGen       total 944128K, used 850595K [0x0000000080000000, 0x00000000b9a00000, 0x00000000d5580000)
  object space 944128K, 90% used [0x0000000080000000,0x00000000b3ea8d60,0x00000000b9a00000)
 Metaspace       used 83515K, committed 85120K, reserved 1179648K
  class space    used 8322K, committed 9024K, reserved 1048576K
}
Event: 100831.326 GC heap after
{Heap after GC invocations=1976 (full 4):
 PSYoungGen      total 3584K, used 1536K [0x00000000d5580000, 0x00000000d5c00000, 0x0000000100000000)
  eden space 2048K, 0% used [0x00000000d5580000,0x00000000d5580000,0x00000000d5780000)
  from space 1536K, 100% used [0x00000000d5a80000,0x00000000d5c00000,0x00000000d5c00000)
  to   space 2048K, 0% used [0x00000000d5800000,0x00000000d5800000,0x00000000d5a00000)
 ParOldGen       total 944128K, used 852099K [0x0000000080000000, 0x00000000b9a00000, 0x00000000d5580000)
  object space 944128K, 90% used [0x0000000080000000,0x00000000b4020d60,0x00000000b9a00000)
 Metaspace       used 83515K, committed 85120K, reserved 1179648K
  class space    used 8322K, committed 9024K, reserved 1048576K
}
Event: 100831.512 GC heap before
{Heap before GC invocations=1977 (full 4):
 PSYoungGen      total 3584K, used 3584K [0x00000000d5580000, 0x00000000d5c00000, 0x0000000100000000)
  eden space 2048K, 100% used [0x00000000d5580000,0x00000000d5780000,0x00000000d5780000)
  from space 1536K, 100% used [0x00000000d5a80000,0x00000000d5c00000,0x00000000d5c00000)
  to   space 2048K, 0% used [0x00000000d5800000,0x00000000d5800000,0x00000000d5a00000)
 ParOldGen       total 944128K, used 852099K [0x0000000080000000, 0x00000000b9a00000, 0x00000000d5580000)
  object space 944128K, 90% used [0x0000000080000000,0x00000000b4020d60,0x00000000b9a00000)
 Metaspace       used 83526K, committed 85120K, reserved 1179648K
  class space    used 8322K, committed 9024K, reserved 1048576K
}
Event: 100831.524 GC heap after
{Heap after GC invocations=1977 (full 4):
 PSYoungGen      total 3584K, used 724K [0x00000000d5580000, 0x00000000d5b00000, 0x0000000100000000)
  eden space 2560K, 0% used [0x00000000d5580000,0x00000000d5580000,0x00000000d5800000)
  from space 1024K, 70% used [0x00000000d5800000,0x00000000d58b5200,0x00000000d5900000)
  to   space 1536K, 0% used [0x00000000d5980000,0x00000000d5980000,0x00000000d5b00000)
 ParOldGen       total 944128K, used 853635K [0x0000000080000000, 0x00000000b9a00000, 0x00000000d5580000)
  object space 944128K, 90% used [0x0000000080000000,0x00000000b41a0d60,0x00000000b9a00000)
 Metaspace       used 83526K, committed 85120K, reserved 1179648K
  class space    used 8322K, committed 9024K, reserved 1048576K
}
Event: 100831.554 GC heap before
{Heap before GC invocations=1978 (full 4):
 PSYoungGen      total 3584K, used 3284K [0x00000000d5580000, 0x00000000d5b00000, 0x0000000100000000)
  eden space 2560K, 100% used [0x00000000d5580000,0x00000000d5800000,0x00000000d5800000)
  from space 1024K, 70% used [0x00000000d5800000,0x00000000d58b5200,0x00000000d5900000)
  to   space 1536K, 0% used [0x00000000d5980000,0x00000000d5980000,0x00000000d5b00000)
 ParOldGen       total 944128K, used 853635K [0x0000000080000000, 0x00000000b9a00000, 0x00000000d5580000)
  object space 944128K, 90% used [0x0000000080000000,0x00000000b41a0d60,0x00000000b9a00000)
 Metaspace       used 83527K, committed 85120K, reserved 1179648K
  class space    used 8322K, committed 9024K, reserved 1048576K
}
Event: 100831.565 GC heap after
{Heap after GC invocations=1978 (full 4):
 PSYoungGen      total 4096K, used 384K [0x00000000d5580000, 0x00000000d5a80000, 0x0000000100000000)
  eden space 3072K, 0% used [0x00000000d5580000,0x00000000d5580000,0x00000000d5880000)
  from space 1024K, 37% used [0x00000000d5980000,0x00000000d59e0000,0x00000000d5a80000)
  to   space 1024K, 0% used [0x00000000d5880000,0x00000000d5880000,0x00000000d5980000)
 ParOldGen       total 944128K, used 854292K [0x0000000080000000, 0x00000000b9a00000, 0x00000000d5580000)
  object space 944128K, 90% used [0x0000000080000000,0x00000000b4245200,0x00000000b9a00000)
 Metaspace       used 83527K, committed 85120K, reserved 1179648K
  class space    used 8322K, committed 9024K, reserved 1048576K
}
Event: 100831.619 GC heap before
{Heap before GC invocations=1979 (full 4):
 PSYoungGen      total 4096K, used 3456K [0x00000000d5580000, 0x00000000d5a80000, 0x0000000100000000)
  eden space 3072K, 100% used [0x00000000d5580000,0x00000000d5880000,0x00000000d5880000)
  from space 1024K, 37% used [0x00000000d5980000,0x00000000d59e0000,0x00000000d5a80000)
  to   space 1024K, 0% used [0x00000000d5880000,0x00000000d5880000,0x00000000d5980000)
 ParOldGen       total 944128K, used 854292K [0x0000000080000000, 0x00000000b9a00000, 0x00000000d5580000)
  object space 944128K, 90% used [0x0000000080000000,0x00000000b4245200,0x00000000b9a00000)
 Metaspace       used 83527K, committed 85120K, reserved 1179648K
  class space    used 8322K, committed 9024K, reserved 1048576K
}
Event: 100831.625 GC heap after
{Heap after GC invocations=1979 (full 4):
 PSYoungGen      total 4096K, used 448K [0x00000000d5580000, 0x00000000d5a00000, 0x0000000100000000)
  eden space 3072K, 0% used [0x00000000d5580000,0x00000000d5580000,0x00000000d5880000)
  from space 1024K, 43% used [0x00000000d5880000,0x00000000d58f0000,0x00000000d5980000)
  to   space 512K, 0% used [0x00000000d5980000,0x00000000d5980000,0x00000000d5a00000)
 ParOldGen       total 944128K, used 854616K [0x0000000080000000, 0x00000000b9a00000, 0x00000000d5580000)
  object space 944128K, 90% used [0x0000000080000000,0x00000000b4296230,0x00000000b9a00000)
 Metaspace       used 83527K, committed 85120K, reserved 1179648K
  class space    used 8322K, committed 9024K, reserved 1048576K
}
Event: 100831.949 GC heap before
{Heap before GC invocations=1980 (full 4):
 PSYoungGen      total 4096K, used 3520K [0x00000000d5580000, 0x00000000d5a00000, 0x0000000100000000)
  eden space 3072K, 100% used [0x00000000d5580000,0x00000000d5880000,0x00000000d5880000)
  from space 1024K, 43% used [0x00000000d5880000,0x00000000d58f0000,0x00000000d5980000)
  to   space 512K, 0% used [0x00000000d5980000,0x00000000d5980000,0x00000000d5a00000)
 ParOldGen       total 944128K, used 854616K [0x0000000080000000, 0x00000000b9a00000, 0x00000000d5580000)
  object space 944128K, 90% used [0x0000000080000000,0x00000000b4296230,0x00000000b9a00000)
 Metaspace       used 83544K, committed 85120K, reserved 1179648K
  class space    used 8322K, committed 9024K, reserved 1048576K
}
Event: 100831.957 GC heap after
{Heap after GC invocations=1980 (full 4):
 PSYoungGen      total 3584K, used 512K [0x00000000d5580000, 0x00000000d5a80000, 0x0000000100000000)
  eden space 3072K, 0% used [0x00000000d5580000,0x00000000d5580000,0x00000000d5880000)
  from space 512K, 100% used [0x00000000d5980000,0x00000000d5a00000,0x00000000d5a00000)
  to   space 1024K, 0% used [0x00000000d5880000,0x00000000d5880000,0x00000000d5980000)
 ParOldGen       total 944128K, used 854992K [0x0000000080000000, 0x00000000b9a00000, 0x00000000d5580000)
  object space 944128K, 90% used [0x0000000080000000,0x00000000b42f4250,0x00000000b9a00000)
 Metaspace       used 83544K, committed 85120K, reserved 1179648K
  class space    used 8322K, committed 9024K, reserved 1048576K
}

