# JRE version: OpenJDK Runtime Environment Temurin-21.0.7+6 (21.0.7+6) (build 21.0.7+6-LTS)
# Java VM: OpenJDK 64-Bit Server VM Temurin-21.0.7+6 (21.0.7+6-LTS, mixed mode, sharing, tiered, compressed oops, compressed class ptrs, parallel gc, windows-amd64)
GC Precious Log:
 CardTable entry size: 512
 CPUs: 4 total, 4 available
 Memory: 7975M
 Large Page Support: Disabled
 NUMA Support: Disabled
 Compressed Oops: Enabled (32-bit)
 Alignments: Space 512K, Generation 512K, Heap 2M
 Heap Min Capacity: 100M
 Heap Initial Capacity: 100M
 Heap Max Capacity: 2G
 Pre-touch: Disabled
 Parallel Workers: 4
Heap:
 PSYoungGen      total 3072K, used 1535K [0x00000000d5580000, 0x00000000d5980000, 0x0000000100000000)
  eden space 2560K, 42% used [0x00000000d5580000,0x00000000d568d430,0x00000000d5800000)
  from space 512K, 89% used [0x00000000d5900000,0x00000000d5972910,0x00000000d5980000)
  to   space 512K, 0% used [0x00000000d5880000,0x00000000d5880000,0x00000000d5900000)
 ParOldGen       total 813568K, used 813550K [0x0000000080000000, 0x00000000b1a80000, 0x00000000d5580000)
  object space 813568K, 99% used [0x0000000080000000,0x00000000b1a7b810,0x00000000b1a80000)
 Metaspace       used 76710K, committed 78528K, reserved 1179648K
  class space    used 7674K, committed 8512K, reserved 1048576K
GC Heap History (20 events):
Event: 199.092 GC heap before
{Heap before GC invocations=1046 (full 3):
 PSYoungGen      total 3584K, used 3168K [0x00000000d5580000, 0x00000000d5a00000, 0x0000000100000000)
  eden space 2560K, 100% used [0x00000000d5580000,0x00000000d5800000,0x00000000d5800000)
  from space 1024K, 59% used [0x00000000d5900000,0x00000000d5998000,0x00000000d5a00000)
  to   space 1024K, 0% used [0x00000000d5800000,0x00000000d5800000,0x00000000d5900000)
 ParOldGen       total 809472K, used 809285K [0x0000000080000000, 0x00000000b1680000, 0x00000000d5580000)
  object space 809472K, 99% used [0x0000000080000000,0x00000000b1651620,0x00000000b1680000)
 Metaspace       used 76385K, committed 78144K, reserved 1179648K
  class space    used 7648K, committed 8448K, reserved 1048576K
}
Event: 199.097 GC heap after
{Heap after GC invocations=1046 (full 3):
 PSYoungGen      total 3584K, used 506K [0x00000000d5580000, 0x00000000d5a00000, 0x0000000100000000)
  eden space 2560K, 0% used [0x00000000d5580000,0x00000000d5580000,0x00000000d5800000)
  from space 1024K, 49% used [0x00000000d5800000,0x00000000d587e900,0x00000000d5900000)
  to   space 1024K, 0% used [0x00000000d5900000,0x00000000d5900000,0x00000000d5a00000)
 ParOldGen       total 809984K, used 809835K [0x0000000080000000, 0x00000000b1700000, 0x00000000d5580000)
  object space 809984K, 99% used [0x0000000080000000,0x00000000b16daf90,0x00000000b1700000)
 Metaspace       used 76385K, committed 78144K, reserved 1179648K
  class space    used 7648K, committed 8448K, reserved 1048576K
}
Event: 199.142 GC heap before
{Heap before GC invocations=1047 (full 3):
 PSYoungGen      total 3584K, used 3066K [0x00000000d5580000, 0x00000000d5a00000, 0x0000000100000000)
  eden space 2560K, 100% used [0x00000000d5580000,0x00000000d5800000,0x00000000d5800000)
  from space 1024K, 49% used [0x00000000d5800000,0x00000000d587e900,0x00000000d5900000)
  to   space 1024K, 0% used [0x00000000d5900000,0x00000000d5900000,0x00000000d5a00000)
 ParOldGen       total 809984K, used 809835K [0x0000000080000000, 0x00000000b1700000, 0x00000000d5580000)
  object space 809984K, 99% used [0x0000000080000000,0x00000000b16daf90,0x00000000b1700000)
 Metaspace       used 76385K, committed 78144K, reserved 1179648K
  class space    used 7648K, committed 8448K, reserved 1048576K
}
Event: 199.144 GC heap after
{Heap after GC invocations=1047 (full 3):
 PSYoungGen      total 3072K, used 448K [0x00000000d5580000, 0x00000000d5980000, 0x0000000100000000)
  eden space 2560K, 0% used [0x00000000d5580000,0x00000000d5580000,0x00000000d5800000)
  from space 512K, 87% used [0x00000000d5900000,0x00000000d5970000,0x00000000d5980000)
  to   space 512K, 0% used [0x00000000d5880000,0x00000000d5880000,0x00000000d5900000)
 ParOldGen       total 810496K, used 810296K [0x0000000080000000, 0x00000000b1780000, 0x00000000d5580000)
  object space 810496K, 99% used [0x0000000080000000,0x00000000b174e1a0,0x00000000b1780000)
 Metaspace       used 76385K, committed 78144K, reserved 1179648K
  class space    used 7648K, committed 8448K, reserved 1048576K
}
Event: 203.199 GC heap before
{Heap before GC invocations=1048 (full 3):
 PSYoungGen      total 3072K, used 3008K [0x00000000d5580000, 0x00000000d5980000, 0x0000000100000000)
  eden space 2560K, 100% used [0x00000000d5580000,0x00000000d5800000,0x00000000d5800000)
  from space 512K, 87% used [0x00000000d5900000,0x00000000d5970000,0x00000000d5980000)
  to   space 512K, 0% used [0x00000000d5880000,0x00000000d5880000,0x00000000d5900000)
 ParOldGen       total 810496K, used 810296K [0x0000000080000000, 0x00000000b1780000, 0x00000000d5580000)
  object space 810496K, 99% used [0x0000000080000000,0x00000000b174e1a0,0x00000000b1780000)
 Metaspace       used 76394K, committed 78208K, reserved 1179648K
  class space    used 7648K, committed 8448K, reserved 1048576K
}
Event: 203.204 GC heap after
{Heap after GC invocations=1048 (full 3):
 PSYoungGen      total 3072K, used 500K [0x00000000d5580000, 0x00000000d5a00000, 0x0000000100000000)
  eden space 2560K, 0% used [0x00000000d5580000,0x00000000d5580000,0x00000000d5800000)
  from space 512K, 97% used [0x00000000d5880000,0x00000000d58fd200,0x00000000d5900000)
  to   space 1024K, 0% used [0x00000000d5900000,0x00000000d5900000,0x00000000d5a00000)
 ParOldGen       total 811008K, used 810734K [0x0000000080000000, 0x00000000b1800000, 0x00000000d5580000)
  object space 811008K, 99% used [0x0000000080000000,0x00000000b17bb990,0x00000000b1800000)
 Metaspace       used 76394K, committed 78208K, reserved 1179648K
  class space    used 7648K, committed 8448K, reserved 1048576K
}
Event: 203.229 GC heap before
{Heap before GC invocations=1049 (full 3):
 PSYoungGen      total 3072K, used 3060K [0x00000000d5580000, 0x00000000d5a00000, 0x0000000100000000)
  eden space 2560K, 100% used [0x00000000d5580000,0x00000000d5800000,0x00000000d5800000)
  from space 512K, 97% used [0x00000000d5880000,0x00000000d58fd200,0x00000000d5900000)
  to   space 1024K, 0% used [0x00000000d5900000,0x00000000d5900000,0x00000000d5a00000)
 ParOldGen       total 811008K, used 810734K [0x0000000080000000, 0x00000000b1800000, 0x00000000d5580000)
  object space 811008K, 99% used [0x0000000080000000,0x00000000b17bb990,0x00000000b1800000)
 Metaspace       used 76396K, committed 78208K, reserved 1179648K
  class space    used 7648K, committed 8448K, reserved 1048576K
}
Event: 203.232 GC heap after
{Heap after GC invocations=1049 (full 3):
 PSYoungGen      total 3584K, used 544K [0x00000000d5580000, 0x00000000d5a00000, 0x0000000100000000)
  eden space 2560K, 0% used [0x00000000d5580000,0x00000000d5580000,0x00000000d5800000)
  from space 1024K, 53% used [0x00000000d5900000,0x00000000d5988000,0x00000000d5a00000)
  to   space 1024K, 0% used [0x00000000d5800000,0x00000000d5800000,0x00000000d5900000)
 ParOldGen       total 811520K, used 811191K [0x0000000080000000, 0x00000000b1880000, 0x00000000d5580000)
  object space 811520K, 99% used [0x0000000080000000,0x00000000b182dd30,0x00000000b1880000)
 Metaspace       used 76396K, committed 78208K, reserved 1179648K
  class space    used 7648K, committed 8448K, reserved 1048576K
}
Event: 206.361 GC heap before
{Heap before GC invocations=1050 (full 3):
 PSYoungGen      total 3584K, used 3104K [0x00000000d5580000, 0x00000000d5a00000, 0x0000000100000000)
  eden space 2560K, 100% used [0x00000000d5580000,0x00000000d5800000,0x00000000d5800000)
  from space 1024K, 53% used [0x00000000d5900000,0x00000000d5988000,0x00000000d5a00000)
  to   space 1024K, 0% used [0x00000000d5800000,0x00000000d5800000,0x00000000d5900000)
 ParOldGen       total 811520K, used 811191K [0x0000000080000000, 0x00000000b1880000, 0x00000000d5580000)
  object space 811520K, 99% used [0x0000000080000000,0x00000000b182dd30,0x00000000b1880000)
 Metaspace       used 76403K, committed 78208K, reserved 1179648K
  class space    used 7648K, committed 8448K, reserved 1048576K
}
Event: 206.364 GC heap after
{Heap after GC invocations=1050 (full 3):
 PSYoungGen      total 3584K, used 688K [0x00000000d5580000, 0x00000000d5a00000, 0x0000000100000000)
  eden space 2560K, 0% used [0x00000000d5580000,0x00000000d5580000,0x00000000d5800000)
  from space 1024K, 67% used [0x00000000d5800000,0x00000000d58ac010,0x00000000d5900000)
  to   space 1024K, 0% used [0x00000000d5900000,0x00000000d5900000,0x00000000d5a00000)
 ParOldGen       total 812032K, used 811667K [0x0000000080000000, 0x00000000b1900000, 0x00000000d5580000)
  object space 812032K, 99% used [0x0000000080000000,0x00000000b18a4d60,0x00000000b1900000)
 Metaspace       used 76403K, committed 78208K, reserved 1179648K
  class space    used 7648K, committed 8448K, reserved 1048576K
}
Event: 206.377 GC heap before
{Heap before GC invocations=1051 (full 3):
 PSYoungGen      total 3584K, used 3248K [0x00000000d5580000, 0x00000000d5a00000, 0x0000000100000000)
  eden space 2560K, 100% used [0x00000000d5580000,0x00000000d5800000,0x00000000d5800000)
  from space 1024K, 67% used [0x00000000d5800000,0x00000000d58ac010,0x00000000d5900000)
  to   space 1024K, 0% used [0x00000000d5900000,0x00000000d5900000,0x00000000d5a00000)
 ParOldGen       total 812032K, used 811667K [0x0000000080000000, 0x00000000b1900000, 0x00000000d5580000)
  object space 812032K, 99% used [0x0000000080000000,0x00000000b18a4d60,0x00000000b1900000)
 Metaspace       used 76403K, committed 78208K, reserved 1179648K
  class space    used 7648K, committed 8448K, reserved 1048576K
}
Event: 206.380 GC heap after
{Heap after GC invocations=1051 (full 3):
 PSYoungGen      total 3584K, used 548K [0x00000000d5580000, 0x00000000d5a00000, 0x0000000100000000)
  eden space 2560K, 0% used [0x00000000d5580000,0x00000000d5580000,0x00000000d5800000)
  from space 1024K, 53% used [0x00000000d5900000,0x00000000d5989210,0x00000000d5a00000)
  to   space 1024K, 0% used [0x00000000d5800000,0x00000000d5800000,0x00000000d5900000)
 ParOldGen       total 812544K, used 812186K [0x0000000080000000, 0x00000000b1980000, 0x00000000d5580000)
  object space 812544K, 99% used [0x0000000080000000,0x00000000b1926940,0x00000000b1980000)
 Metaspace       used 76403K, committed 78208K, reserved 1179648K
  class space    used 7648K, committed 8448K, reserved 1048576K
}
Event: 206.398 GC heap before
{Heap before GC invocations=1052 (full 3):
 PSYoungGen      total 3584K, used 3105K [0x00000000d5580000, 0x00000000d5a00000, 0x0000000100000000)
  eden space 2560K, 99% used [0x00000000d5580000,0x00000000d57ff578,0x00000000d5800000)
  from space 1024K, 53% used [0x00000000d5900000,0x00000000d5989210,0x00000000d5a00000)
  to   space 1024K, 0% used [0x00000000d5800000,0x00000000d5800000,0x00000000d5900000)
 ParOldGen       total 812544K, used 812186K [0x0000000080000000, 0x00000000b1980000, 0x00000000d5580000)
  object space 812544K, 99% used [0x0000000080000000,0x00000000b1926940,0x00000000b1980000)
 Metaspace       used 76434K, committed 78208K, reserved 1179648K
  class space    used 7648K, committed 8448K, reserved 1048576K
}
Event: 206.402 GC heap after
{Heap after GC invocations=1052 (full 3):
 PSYoungGen      total 3584K, used 448K [0x00000000d5580000, 0x00000000d5980000, 0x0000000100000000)
  eden space 2560K, 0% used [0x00000000d5580000,0x00000000d5580000,0x00000000d5800000)
  from space 1024K, 43% used [0x00000000d5800000,0x00000000d5870000,0x00000000d5900000)
  to   space 512K, 0% used [0x00000000d5900000,0x00000000d5900000,0x00000000d5980000)
 ParOldGen       total 813056K, used 812710K [0x0000000080000000, 0x00000000b1a00000, 0x00000000d5580000)
  object space 813056K, 99% used [0x0000000080000000,0x00000000b19a9b70,0x00000000b1a00000)
 Metaspace       used 76434K, committed 78208K, reserved 1179648K
  class space    used 7648K, committed 8448K, reserved 1048576K
}
Event: 343.732 GC heap before
{Heap before GC invocations=1053 (full 3):
 PSYoungGen      total 3584K, used 3007K [0x00000000d5580000, 0x00000000d5980000, 0x0000000100000000)
  eden space 2560K, 99% used [0x00000000d5580000,0x00000000d57fffb0,0x00000000d5800000)
  from space 1024K, 43% used [0x00000000d5800000,0x00000000d5870000,0x00000000d5900000)
  to   space 512K, 0% used [0x00000000d5900000,0x00000000d5900000,0x00000000d5980000)
 ParOldGen       total 813056K, used 812710K [0x0000000080000000, 0x00000000b1a00000, 0x00000000d5580000)
  object space 813056K, 99% used [0x0000000080000000,0x00000000b19a9b70,0x00000000b1a00000)
 Metaspace       used 76661K, committed 78400K, reserved 1179648K
  class space    used 7668K, committed 8448K, reserved 1048576K
}
Event: 343.756 GC heap after
{Heap after GC invocations=1053 (full 3):
 PSYoungGen      total 3072K, used 448K [0x00000000d5580000, 0x00000000d5980000, 0x0000000100000000)
  eden space 2560K, 0% used [0x00000000d5580000,0x00000000d5580000,0x00000000d5800000)
  from space 512K, 87% used [0x00000000d5900000,0x00000000d5970000,0x00000000d5980000)
  to   space 512K, 0% used [0x00000000d5880000,0x00000000d5880000,0x00000000d5900000)
 ParOldGen       total 813568K, used 813062K [0x0000000080000000, 0x00000000b1a80000, 0x00000000d5580000)
  object space 813568K, 99% used [0x0000000080000000,0x00000000b1a01b70,0x00000000b1a80000)
 Metaspace       used 76661K, committed 78400K, reserved 1179648K
  class space    used 7668K, committed 8448K, reserved 1048576K
}
Event: 424.041 GC heap before
{Heap before GC invocations=1054 (full 3):
 PSYoungGen      total 3072K, used 3007K [0x00000000d5580000, 0x00000000d5980000, 0x0000000100000000)
  eden space 2560K, 99% used [0x00000000d5580000,0x00000000d57ffff0,0x00000000d5800000)
  from space 512K, 87% used [0x00000000d5900000,0x00000000d5970000,0x00000000d5980000)
  to   space 512K, 0% used [0x00000000d5880000,0x00000000d5880000,0x00000000d5900000)
 ParOldGen       total 813568K, used 813062K [0x0000000080000000, 0x00000000b1a80000, 0x00000000d5580000)
  object space 813568K, 99% used [0x0000000080000000,0x00000000b1a01b70,0x00000000b1a80000)
 Metaspace       used 76710K, committed 78528K, reserved 1179648K
  class space    used 7674K, committed 8512K, reserved 1048576K
}
Event: 424.055 GC heap after
{Heap after GC invocations=1054 (full 3):
 PSYoungGen      total 3072K, used 272K [0x00000000d5580000, 0x00000000d5980000, 0x0000000100000000)
  eden space 2560K, 0% used [0x00000000d5580000,0x00000000d5580000,0x00000000d5800000)
  from space 512K, 53% used [0x00000000d5880000,0x00000000d58c4030,0x00000000d5900000)
  to   space 512K, 0% used [0x00000000d5900000,0x00000000d5900000,0x00000000d5980000)
 ParOldGen       total 813568K, used 813417K [0x0000000080000000, 0x00000000b1a80000, 0x00000000d5580000)
  object space 813568K, 99% used [0x0000000080000000,0x00000000b1a5a570,0x00000000b1a80000)
 Metaspace       used 76710K, committed 78528K, reserved 1179648K
  class space    used 7674K, committed 8512K, reserved 1048576K
}
Event: 424.161 GC heap before
{Heap before GC invocations=1055 (full 3):
 PSYoungGen      total 3072K, used 2832K [0x00000000d5580000, 0x00000000d5980000, 0x0000000100000000)
  eden space 2560K, 100% used [0x00000000d5580000,0x00000000d5800000,0x00000000d5800000)
  from space 512K, 53% used [0x00000000d5880000,0x00000000d58c4030,0x00000000d5900000)
  to   space 512K, 0% used [0x00000000d5900000,0x00000000d5900000,0x00000000d5980000)
 ParOldGen       total 813568K, used 813417K [0x0000000080000000, 0x00000000b1a80000, 0x00000000d5580000)
  object space 813568K, 99% used [0x0000000080000000,0x00000000b1a5a570,0x00000000b1a80000)
 Metaspace       used 76710K, committed 78528K, reserved 1179648K
  class space    used 7674K, committed 8512K, reserved 1048576K
}
Event: 424.169 GC heap after
{Heap after GC invocations=1055 (full 3):
 PSYoungGen      total 3072K, used 458K [0x00000000d5580000, 0x00000000d5980000, 0x0000000100000000)
  eden space 2560K, 0% used [0x00000000d5580000,0x00000000d5580000,0x00000000d5800000)
  from space 512K, 89% used [0x00000000d5900000,0x00000000d5972910,0x00000000d5980000)
  to   space 512K, 0% used [0x00000000d5880000,0x00000000d5880000,0x00000000d5900000)
 ParOldGen       total 813568K, used 813550K [0x0000000080000000, 0x00000000b1a80000, 0x00000000d5580000)
  object space 813568K, 99% used [0x0000000080000000,0x00000000b1a7b810,0x00000000b1a80000)
 Metaspace       used 76710K, committed 78528K, reserved 1179648K
  class space    used 7674K, committed 8512K, reserved 1048576K
}

